10 [140443044009856] INFO perfrun.launcher <> - Launcher main begin
11 [140443044009856] INFO perfrun.launcher <> - MessageCatalogInit finished
11 [140443044009856] INFO perfrun.launcher <> - Launcher instance created
11 [140443044009856] INFO perfrun.launcher <> - argc = 6; cmdline = /opt/intel/oneapi/vtune/2021.7.1/bin64/amplxe-runss -dump-vdso -r /tmp/amplxe-tmp-rtohid/amplxe-res-3982589-18612260690939612 --tmp-dir /tmp/amplxe-tmp-rtohid 
52 [140443044009856] INFO perfrun.launcher <> - create msngr2::ICliToolContext
53 [140443044009856] INFO perfrun.launcher <> - create file finder object
58 [140442908526336] INFO perfrun.launcher <> - plugin [remoteplug] was disabled because it doesn't support the given collection type.
58 [140442908526336] INFO perfrun.launcher <> - plugin [system] was disabled because it doesn't support the given collection type.
58 [140442908526336] INFO perfrun.vdso <> - dumping [vdso] pseudomodule
59 [140442908526336] INFO perfrun.launcher <> - plugin [itt] was disabled because it doesn't support the given collection type.
59 [140442908526336] INFO perfrun.launcher <> - plugin [ptracecollector] was disabled because it doesn't support the given collection type.
59 [140442908526336] INFO perfrun.launcher <> - plugin [gpu] was disabled because it doesn't support the given collection type.
59 [140442908526336] INFO perfrun.launcher <> - plugin [] was disabled because it doesn't support the given collection type.
59 [140442908526336] INFO perfrun.launcher <> - plugin [] was disabled because it doesn't support the given collection type.
59 [140442908526336] INFO perfrun.launcher <> - plugin [] was disabled because it doesn't support the given collection type.
59 [140442908526336] INFO perfrun.launcher <> - plugin [mrte] was disabled because it doesn't support the given collection type.
59 [140442908526336] INFO perfrun.launcher <> - plugin [emon] was disabled because it doesn't support the given collection type.
59 [140442908526336] INFO perfrun.launcher <> - plugin [cuscol] was disabled because it doesn't support the given collection type.
59 [140442908526336] INFO perfrun.launcher <> - plugin [stdsrc] was disabled because it doesn't support the given collection type.
59 [140442908526336] INFO perfrun.launcher <> - plugin [sep] was disabled because it doesn't support the given collection type.
59 [140442908526336] INFO perfrun.launcher <> - plugin [vtsspp] was disabled because it doesn't support the given collection type.
59 [140442908526336] INFO perfrun.launcher <> - plugin [perf] was disabled because it doesn't support the given collection type.
59 [140442908526336] INFO perfrun.launcher <> - plugin [aoclprofile] was disabled because it doesn't support the given collection type.
59 [140442908526336] INFO perfrun.launcher <> - plugin [tpss] was disabled because it doesn't support the given collection type.
59 [140442908526336] INFO perfrun.launcher <> - plugin [exprof] was disabled because it doesn't support the given collection type.
59 [140442908526336] INFO perfrun.launcher <> - plugin [media] was disabled because it doesn't support the given collection type.
59 [140442908526336] INFO perfrun.launcher <> - plugin [] was disabled because it doesn't support the given collection type.
59 [140442908526336] INFO perfrun.launcher <> - plugin [] was disabled because it doesn't support the given collection type.
59 [140442908526336] INFO perfrun.launcher <> - plugin [parallelfs] was disabled because it doesn't support the given collection type.
59 [140442908526336] INFO perfrun.launcher <> - plugin [power] was disabled because it doesn't support the given collection type.
59 [140442908526336] INFO perfrun.launcher <> - plugin [hwloc] was disabled because it doesn't support the given collection type.
59 [140442908526336] INFO perfrun.launcher <> - plugin [ipmwatch] was disabled because it doesn't support the given collection type.
59 [140442908526336] INFO perfrun.launcher <> - plugin [os_counters] was disabled because it doesn't support the given collection type.
59 [140443044009856] INFO perfrun.launcher <> - Application exit code: 0
59 [140443044009856] INFO perfrun.launcher <> - Exit code: 0
