9 [140606213683072] INFO perfrun.launcher <> - Launcher main begin
10 [140606213683072] INFO perfrun.launcher <> - MessageCatalogInit finished
10 [140606213683072] INFO perfrun.launcher <> - Launcher instance created
10 [140606213683072] INFO perfrun.launcher <> - argc = 6; cmdline = /opt/intel/oneapi/vtune/2021.7.1/bin64/amplxe-runss -dump-vdso -r /tmp/amplxe-tmp-rtohid/amplxe-res-3980701-18612054445106780 --tmp-dir /tmp/amplxe-tmp-rtohid 
54 [140606213683072] INFO perfrun.launcher <> - create msngr2::ICliToolContext
55 [140606213683072] INFO perfrun.launcher <> - create file finder object
60 [140606078199552] INFO perfrun.launcher <> - plugin [remoteplug] was disabled because it doesn't support the given collection type.
60 [140606078199552] INFO perfrun.launcher <> - plugin [system] was disabled because it doesn't support the given collection type.
60 [140606078199552] INFO perfrun.vdso <> - dumping [vdso] pseudomodule
62 [140606078199552] INFO perfrun.launcher <> - plugin [itt] was disabled because it doesn't support the given collection type.
62 [140606078199552] INFO perfrun.launcher <> - plugin [ptracecollector] was disabled because it doesn't support the given collection type.
62 [140606078199552] INFO perfrun.launcher <> - plugin [gpu] was disabled because it doesn't support the given collection type.
62 [140606078199552] INFO perfrun.launcher <> - plugin [] was disabled because it doesn't support the given collection type.
62 [140606078199552] INFO perfrun.launcher <> - plugin [] was disabled because it doesn't support the given collection type.
62 [140606078199552] INFO perfrun.launcher <> - plugin [] was disabled because it doesn't support the given collection type.
62 [140606078199552] INFO perfrun.launcher <> - plugin [mrte] was disabled because it doesn't support the given collection type.
62 [140606078199552] INFO perfrun.launcher <> - plugin [emon] was disabled because it doesn't support the given collection type.
62 [140606078199552] INFO perfrun.launcher <> - plugin [cuscol] was disabled because it doesn't support the given collection type.
62 [140606078199552] INFO perfrun.launcher <> - plugin [stdsrc] was disabled because it doesn't support the given collection type.
62 [140606078199552] INFO perfrun.launcher <> - plugin [sep] was disabled because it doesn't support the given collection type.
62 [140606078199552] INFO perfrun.launcher <> - plugin [vtsspp] was disabled because it doesn't support the given collection type.
62 [140606078199552] INFO perfrun.launcher <> - plugin [perf] was disabled because it doesn't support the given collection type.
62 [140606078199552] INFO perfrun.launcher <> - plugin [aoclprofile] was disabled because it doesn't support the given collection type.
62 [140606078199552] INFO perfrun.launcher <> - plugin [tpss] was disabled because it doesn't support the given collection type.
62 [140606078199552] INFO perfrun.launcher <> - plugin [exprof] was disabled because it doesn't support the given collection type.
62 [140606078199552] INFO perfrun.launcher <> - plugin [media] was disabled because it doesn't support the given collection type.
62 [140606078199552] INFO perfrun.launcher <> - plugin [] was disabled because it doesn't support the given collection type.
62 [140606078199552] INFO perfrun.launcher <> - plugin [] was disabled because it doesn't support the given collection type.
62 [140606078199552] INFO perfrun.launcher <> - plugin [parallelfs] was disabled because it doesn't support the given collection type.
62 [140606078199552] INFO perfrun.launcher <> - plugin [power] was disabled because it doesn't support the given collection type.
62 [140606078199552] INFO perfrun.launcher <> - plugin [hwloc] was disabled because it doesn't support the given collection type.
62 [140606078199552] INFO perfrun.launcher <> - plugin [ipmwatch] was disabled because it doesn't support the given collection type.
62 [140606078199552] INFO perfrun.launcher <> - plugin [os_counters] was disabled because it doesn't support the given collection type.
62 [140606213683072] INFO perfrun.launcher <> - Application exit code: 0
62 [140606213683072] INFO perfrun.launcher <> - Exit code: 0
